app/build/outputs/logs/manifest-merger-debug-report.txt
-- Merging decision tree log ---
manifest
ADDED from src\main\AndroidManifest.xml:2:1-121:12
	package
		ADDED from src\main\AndroidManifest.xml:4:5-28
		INJECTED from src\main\AndroidManifest.xml
		INJECTED from src\main\AndroidManifest.xml
	android:versionName
		ADDED from src\main\AndroidManifest.xml:7:5-30
		INJECTED from src\main\AndroidManifest.xml
		INJECTED from src\main\AndroidManifest.xml
	xmlns:tools
		ADDED from src\main\AndroidManifest.xml:3:5-51
	android:versionCode
		ADDED from src\main\AndroidManifest.xml:6:5-28
		INJECTED from src\main\AndroidManifest.xml
		INJECTED from src\main\AndroidManifest.xml
	xmlns:android
		ADDED from src\main\AndroidManifest.xml:2:11-69
	android:installLocation
		ADDED from src\main\AndroidManifest.xml:5:5-45
uses-sdk
ADDED from src\main\AndroidManifest.xml:9:5-11:41
MERGED from [:NutakuSDKNative:] AndroidManifest.xml:7:5-9:41
MERGED from [:NutakuCommonLib:] AndroidManifest.xml:7:5-9:41
MERGED from [com.android.support:design:22.2.0] AndroidManifest.xml:20:5-43
MERGED from [com.android.support:appcompat-v7:22.2.0] AndroidManifest.xml:20:5-43
MERGED from [com.android.support:support-v4:22.2.0] AndroidManifest.xml:20:5-43
	android:targetSdkVersion
		ADDED from src\main\AndroidManifest.xml:11:9-38
		INJECTED from src\main\AndroidManifest.xml
		INJECTED from src\main\AndroidManifest.xml
	android:minSdkVersion
		ADDED from src\main\AndroidManifest.xml:10:9-35
		INJECTED from src\main\AndroidManifest.xml
		INJECTED from src\main\AndroidManifest.xml
uses-feature#0x00020000
ADDED from src\main\AndroidManifest.xml:13:5-54
	android:glEsVersion
		ADDED from src\main\AndroidManifest.xml:13:19-51
uses-feature#android.hardware.touchscreen
ADDED from src\main\AndroidManifest.xml:14:5-16:36
	android:required
		ADDED from src\main\AndroidManifest.xml:16:9-33
	android:name
		ADDED from src\main\AndroidManifest.xml:15:9-52
uses-feature#android.hardware.touchscreen.multitouch
ADDED from src\main\AndroidManifest.xml:17:5-19:36
	android:required
		ADDED from src\main\AndroidManifest.xml:19:9-33
	android:name
		ADDED from src\main\AndroidManifest.xml:18:9-63
uses-feature#android.hardware.touchscreen.multitouch.distinct
ADDED from src\main\AndroidManifest.xml:20:5-22:36
	android:required
		ADDED from src\main\AndroidManifest.xml:22:9-33
	android:name
		ADDED from src\main\AndroidManifest.xml:21:9-72
supports-screens
ADDED from src\main\AndroidManifest.xml:24:5-29:40
	android:largeScreens
		ADDED from src\main\AndroidManifest.xml:26:9-36
	android:smallScreens
		ADDED from src\main\AndroidManifest.xml:28:9-36
	android:normalScreens
		ADDED from src\main\AndroidManifest.xml:27:9-37
	android:xlargeScreens
		ADDED from src\main\AndroidManifest.xml:29:9-37
	android:anyDensity
		ADDED from src\main\AndroidManifest.xml:25:9-34
uses-permission#android.permission.INTERNET
ADDED from src\main\AndroidManifest.xml:31:5-66
	android:name
		ADDED from src\main\AndroidManifest.xml:31:22-64
uses-permission#android.permission.WRITE_EXTERNAL_STORAGE
ADDED from src\main\AndroidManifest.xml:32:5-80
	android:name
		ADDED from src\main\AndroidManifest.xml:32:22-78
application
ADDED from src\main\AndroidManifest.xml:34:5-119:19
MERGED from [:NutakuSDKNative:] AndroidManifest.xml:11:5-20
MERGED from [:NutakuCommonLib:] AndroidManifest.xml:11:5-20:19
MERGED from [com.android.support:design:22.2.0] AndroidManifest.xml:22:5-20
MERGED from [com.android.support:appcompat-v7:22.2.0] AndroidManifest.xml:22:5-20
MERGED from [com.android.support:support-v4:22.2.0] AndroidManifest.xml:22:5-20
	android:label
		ADDED from src\main\AndroidManifest.xml:37:9-41
		REJECTED from [:NutakuCommonLib:] AndroidManifest.xml:14:9-41
	android:icon
		ADDED from src\main\AndroidManifest.xml:36:9-42
		REJECTED from [:NutakuCommonLib:] AndroidManifest.xml:13:9-45
	android:allowBackup
		ADDED from [:NutakuCommonLib:] AndroidManifest.xml:12:9-35
	android:theme
		ADDED from src\main\AndroidManifest.xml:38:9-67
		REJECTED from [:NutakuCommonLib:] AndroidManifest.xml:15:9-40
	tools:replace
		ADDED from src\main\AndroidManifest.xml:39:9-65
	android:name
		ADDED from src\main\AndroidManifest.xml:35:9-42
activity#com.init.army.UnityPlayerNativeActivity
ADDED from src\main\AndroidManifest.xml:40:9-62:20
	android:screenOrientation
		ADDED from src\main\AndroidManifest.xml:45:13-51
	android:label
		ADDED from src\main\AndroidManifest.xml:43:13-45
	android:launchMode
		ADDED from src\main\AndroidManifest.xml:44:13-44
	android:configChanges
		ADDED from src\main\AndroidManifest.xml:42:13-170
	android:name
		ADDED from src\main\AndroidManifest.xml:41:13-67
intent-filter#android.intent.action.VIEW+android.intent.category.BROWSABLE+android.intent.category.DEFAULT
ADDED from src\main\AndroidManifest.xml:46:13-54:29
action#android.intent.action.VIEW
ADDED from src\main\AndroidManifest.xml:47:17-68
	android:name
		ADDED from src\main\AndroidManifest.xml:47:25-66
category#android.intent.category.DEFAULT
ADDED from src\main\AndroidManifest.xml:48:17-75
	android:name
		ADDED from src\main\AndroidManifest.xml:48:27-73
category#android.intent.category.BROWSABLE
ADDED from src\main\AndroidManifest.xml:49:17-77
	android:name
		ADDED from src\main\AndroidManifest.xml:49:27-75
data
ADDED from src\main\AndroidManifest.xml:50:17-53:66
	android:host
		ADDED from src\main\AndroidManifest.xml:52:21-50
	android:scheme
		ADDED from src\main\AndroidManifest.xml:51:21-42
	android:pathPrefix
		ADDED from src\main\AndroidManifest.xml:53:21-63
meta-data#unityplayer.UnityActivity
ADDED from src\main\AndroidManifest.xml:56:13-58:40
	android:value
		ADDED from src\main\AndroidManifest.xml:58:17-37
	android:name
		ADDED from src\main\AndroidManifest.xml:57:17-57
meta-data#unityplayer.ForwardNativeEventsToDalvik
ADDED from src\main\AndroidManifest.xml:59:13-61:41
	android:value
		ADDED from src\main\AndroidManifest.xml:61:17-38
	android:name
		ADDED from src\main\AndroidManifest.xml:60:17-71
activity#com.dmmgp.game.sdk.app.DmmgpSplashActivity
ADDED from src\main\AndroidManifest.xml:65:9-73:20
	android:configChanges
		ADDED from src\main\AndroidManifest.xml:67:13-59
	android:theme
		ADDED from src\main\AndroidManifest.xml:68:13-55
	android:name
		ADDED from src\main\AndroidManifest.xml:66:13-70
intent-filter#android.intent.action.MAIN+android.intent.category.LAUNCHER
ADDED from src\main\AndroidManifest.xml:69:13-72:29
action#android.intent.action.MAIN
ADDED from src\main\AndroidManifest.xml:70:17-68
	android:name
		ADDED from src\main\AndroidManifest.xml:70:25-66
category#android.intent.category.LAUNCHER
ADDED from src\main\AndroidManifest.xml:71:17-76
	android:name
		ADDED from src\main\AndroidManifest.xml:71:27-74
activity#com.dmmgp.game.sdk.app.DmmgpMenuListActivity
ADDED from src\main\AndroidManifest.xml:74:9-79:20
	android:exported
		ADDED from src\main\AndroidManifest.xml:77:13-37
	android:configChanges
		ADDED from src\main\AndroidManifest.xml:76:13-59
	android:theme
		ADDED from src\main\AndroidManifest.xml:78:13-53
	android:name
		ADDED from src\main\AndroidManifest.xml:75:13-72
activity#com.dmmgp.game.sdk.app.DmmgpSupportListActivity
ADDED from src\main\AndroidManifest.xml:80:9-85:20
	android:exported
		ADDED from src\main\AndroidManifest.xml:83:13-37
	android:configChanges
		ADDED from src\main\AndroidManifest.xml:82:13-59
	android:theme
		ADDED from src\main\AndroidManifest.xml:84:13-53
	android:name
		ADDED from src\main\AndroidManifest.xml:81:13-75
activity#com.dmmgp.game.sdk.app.DmmgpPaymentActivity
ADDED from src\main\AndroidManifest.xml:86:9-91:20
	android:exported
		ADDED from src\main\AndroidManifest.xml:89:13-37
	android:configChanges
		ADDED from src\main\AndroidManifest.xml:88:13-59
	android:theme
		ADDED from src\main\AndroidManifest.xml:90:13-53
	android:name
		ADDED from src\main\AndroidManifest.xml:87:13-71
activity#com.dmmgp.game.sdk.app.DmmgpGoldActivity
ADDED from src\main\AndroidManifest.xml:92:9-97:20
	android:exported
		ADDED from src\main\AndroidManifest.xml:95:13-37
	android:configChanges
		ADDED from src\main\AndroidManifest.xml:94:13-59
	android:theme
		ADDED from src\main\AndroidManifest.xml:96:13-53
	android:name
		ADDED from src\main\AndroidManifest.xml:93:13-68
activity#com.dmmgp.game.sdk.app.DmmgpAboutActivity
ADDED from src\main\AndroidManifest.xml:98:9-103:20
	android:exported
		ADDED from src\main\AndroidManifest.xml:101:13-37
	android:configChanges
		ADDED from src\main\AndroidManifest.xml:100:13-59
	android:theme
		ADDED from src\main\AndroidManifest.xml:102:13-53
	android:name
		ADDED from src\main\AndroidManifest.xml:99:13-69
activity#com.dmmgp.game.sdk.app.DmmgpGenericWebViewActivity
ADDED from src\main\AndroidManifest.xml:104:9-110:20
	android:exported
		ADDED from src\main\AndroidManifest.xml:107:13-37
	android:windowContentOverlay
		ADDED from src\main\AndroidManifest.xml:109:13-49
	android:configChanges
		ADDED from src\main\AndroidManifest.xml:106:13-59
	android:theme
		ADDED from src\main\AndroidManifest.xml:108:13-53
	android:name
		ADDED from src\main\AndroidManifest.xml:105:13-78
activity#com.dmmgp.lib.auth.activity.DmmgpLoginActivity
ADDED from src\main\AndroidManifest.xml:111:9-116:20
MERGED from [:NutakuCommonLib:] AndroidManifest.xml:16:9-19:20
	android:label
		ADDED from [:NutakuCommonLib:] AndroidManifest.xml:18:13-57
	android:exported
		ADDED from src\main\AndroidManifest.xml:114:13-37
	android:configChanges
		ADDED from src\main\AndroidManifest.xml:113:13-59
	android:theme
		ADDED from src\main\AndroidManifest.xml:115:13-53
	android:name
		ADDED from src\main\AndroidManifest.xml:112:13-74